Using pre-set license
Built from '2020.3/staging' branch; Version is '2020.3.24f1 (79c78de19888) revision 7980941'; Using compiler version '192528614'; Build Type 'Release'
OS: 'Windows 10  (10.0.19042) 64bit Core' Language: 'en' Physical Memory: 8040 MB
BatchMode: 1, IsHumanControllingUs: 0, StartBugReporterOnCrash: 0, Is64bit: 1, IsPro: 0

COMMAND LINE ARGUMENTS:
D:\Unity\Editor\Unity.exe
-adb2
-batchMode
-noUpm
-name
AssetImportWorker1
-projectPath
D:/Unity/Hello World proj/soundanim proj
-logFile
Logs/AssetImportWorker1.log
-srvPort
56543
Successfully changed project path to: D:/Unity/Hello World proj/soundanim proj
D:/Unity/Hello World proj/soundanim proj
Using Asset Import Pipeline V2.
Refreshing native plugins compatible for Editor in 48.45 ms, found 3 plugins.
Preloading 0 native plugins for Editor in 0.00 ms.
Initialize engine version: 2020.3.24f1 (79c78de19888)
[Subsystems] Discovering subsystems at path D:/Unity/Editor/Data/Resources/UnitySubsystems
[Subsystems] Discovering subsystems at path D:/Unity/Hello World proj/soundanim proj/Assets
GfxDevice: creating device client; threaded=0
Direct3D:
    Version:  Direct3D 11.0 [level 11.1]
    Renderer: NVIDIA GeForce GTX 1650 (ID=0x1f91)
    Vendor:   
    VRAM:     3962 MB
    Driver:   30.0.15.1179
Initialize mono
Mono path[0] = 'D:/Unity/Editor/Data/Managed'
Mono path[1] = 'D:/Unity/Editor/Data/MonoBleedingEdge/lib/mono/unityjit'
Mono config path = 'D:/Unity/Editor/Data/MonoBleedingEdge/etc'
Using monoOptions --debugger-agent=transport=dt_socket,embedding=1,server=y,suspend=n,address=127.0.0.1:56356
Begin MonoManager ReloadAssembly
Registering precompiled unity dll's ...
Register platform support module: D:/Unity/Editor/Data/PlaybackEngines/WindowsStandaloneSupport/UnityEditor.WindowsStandalone.Extensions.dll
Registered in 0.001360 seconds.
Native extension for WindowsStandalone target not found
Refreshing native plugins compatible for Editor in 57.36 ms, found 3 plugins.
Preloading 0 native plugins for Editor in 0.00 ms.
Mono: successfully reloaded assembly
- Completed reload, in  0.638 seconds
Domain Reload Profiling:
	ReloadAssembly (638ms)
		BeginReloadAssembly (67ms)
			ExecutionOrderSort (0ms)
			DisableScriptedObjects (0ms)
			BackupInstance (0ms)
			ReleaseScriptingObjects (0ms)
			CreateAndSetChildDomain (1ms)
		EndReloadAssembly (501ms)
			LoadAssemblies (65ms)
			RebuildTransferFunctionScriptingTraits (0ms)
			SetupTypeCache (153ms)
			ReleaseScriptCaches (0ms)
			RebuildScriptCaches (32ms)
			SetupLoadedEditorAssemblies (212ms)
				LogAssemblyErrors (0ms)
				InitializePlatformSupportModulesInManaged (5ms)
				SetLoadedEditorAssemblies (0ms)
				RefreshPlugins (57ms)
				BeforeProcessingInitializeOnLoad (14ms)
				ProcessInitializeOnLoadAttributes (107ms)
				ProcessInitializeOnLoadMethodAttributes (28ms)
				AfterProcessingInitializeOnLoad (0ms)
				EditorAssembliesLoaded (0ms)
			ExecutionOrderSort2 (0ms)
			AwakeInstancesAfterBackupRestoration (0ms)
Platform modules already initialized, skipping
Registering precompiled user dll's ...
Registered in 0.004348 seconds.
Begin MonoManager ReloadAssembly
Native extension for WindowsStandalone target not found
Refreshing native plugins compatible for Editor in 46.82 ms, found 3 plugins.
Preloading 0 native plugins for Editor in 0.00 ms.
Mono: successfully reloaded assembly
- Completed reload, in  1.238 seconds
Domain Reload Profiling:
	ReloadAssembly (1239ms)
		BeginReloadAssembly (194ms)
			ExecutionOrderSort (0ms)
			DisableScriptedObjects (6ms)
			BackupInstance (0ms)
			ReleaseScriptingObjects (0ms)
			CreateAndSetChildDomain (18ms)
		EndReloadAssembly (992ms)
			LoadAssemblies (94ms)
			RebuildTransferFunctionScriptingTraits (0ms)
			SetupTypeCache (331ms)
			ReleaseScriptCaches (0ms)
			RebuildScriptCaches (57ms)
			SetupLoadedEditorAssemblies (350ms)
				LogAssemblyErrors (0ms)
				InitializePlatformSupportModulesInManaged (5ms)
				SetLoadedEditorAssemblies (0ms)
				RefreshPlugins (47ms)
				BeforeProcessingInitializeOnLoad (81ms)
				ProcessInitializeOnLoadAttributes (198ms)
				ProcessInitializeOnLoadMethodAttributes (17ms)
				AfterProcessingInitializeOnLoad (2ms)
				EditorAssembliesLoaded (0ms)
			ExecutionOrderSort2 (0ms)
			AwakeInstancesAfterBackupRestoration (8ms)
Platform modules already initialized, skipping
========================================================================
Worker process is ready to serve import requests
Launched and connected shader compiler UnityShaderCompiler.exe after 0.25 seconds
Refreshing native plugins compatible for Editor in 0.56 ms, found 3 plugins.
Preloading 0 native plugins for Editor in 0.00 ms.
Unloading 2195 Unused Serialized files (Serialized files now loaded: 0)
System memory in use before: 95.8 MB.
System memory in use after: 95.9 MB.

Unloading 28 unused Assets to reduce memory usage. Loaded Objects now: 2628.
Total: 7.122400 ms (FindLiveObjects: 1.161400 ms CreateObjectMapping: 0.551000 ms MarkObjects: 5.271900 ms  DeleteObjects: 0.136600 ms)

AssetImportParameters requested are different than current active one (requested -> active):
  custom:framework-win-MediaFoundation: 216162199b28c13a410421893ffa2e32 -> 
  custom:video-decoder-ogg-theora: a1e56fd34408186e4bbccfd4996cb3dc -> 
  custom:container-muxer-webm: aa71ff27fc2769a1b78a27578f13a17b -> 
  custom:container-demuxer-webm: 4f35f7cbe854078d1ac9338744f61a02 -> 
  custom:container-demuxer-ogg: 62fdf1f143b41e24485cea50d1cbac27 -> 
  custom:video-encoder-webm-vp8: eb34c28f22e8b96e1ab97ce403110664 -> 
  custom:video-decoder-webm-vp8: 9c59270c3fd7afecdb556c50c9e8de78 -> 
  custom:audio-decoder-ogg-vorbis: bf7c407c2cedff20999df2af8eb42d56 -> 
  custom:audio-encoder-webm-vorbis: bf7c407c2cedff20999df2af8eb42d56 -> 
========================================================================
Received Import Request.
  path: Assets/Scripts
  artifactKey: Guid(c2dee94fc55cb6c4aa7730ed4410ada5) Importer(815301076,1909f56bfc062723c751e8b465ee728b)
Start importing Assets/Scripts using Guid(c2dee94fc55cb6c4aa7730ed4410ada5) Importer(815301076,1909f56bfc062723c751e8b465ee728b)  -> (artifact id: '8067357e978e473f1afb09cf57de7455') in 0.034665 seconds 
  Import took 0.080009 seconds .

========================================================================
Received Import Request.
  Time since last request: 19.032942 seconds.
  path: Assets
  artifactKey: Guid(00000000000000001000000000000000) Importer(815301076,1909f56bfc062723c751e8b465ee728b)
Start importing Assets using Guid(00000000000000001000000000000000) Importer(815301076,1909f56bfc062723c751e8b465ee728b)  -> (artifact id: '42d402b061de3733987d63b9cc3b64de') in 0.002906 seconds 
  Import took 0.079603 seconds .

========================================================================
Received Import Request.
  Time since last request: 5.196671 seconds.
  path: Assets/Sounds
  artifactKey: Guid(4980e71cb94627d48b5b65c06360f382) Importer(815301076,1909f56bfc062723c751e8b465ee728b)
Start importing Assets/Sounds using Guid(4980e71cb94627d48b5b65c06360f382) Importer(815301076,1909f56bfc062723c751e8b465ee728b)  -> (artifact id: '816da2427d25da94e5ea58fcc1fddb83') in 0.002207 seconds 
  Import took 0.005713 seconds .

========================================================================
Received Import Request.
  Time since last request: 20.194105 seconds.
  path: Assets/Sprites
  artifactKey: Guid(dd182f24dc07c6b449b047d812c5a527) Importer(815301076,1909f56bfc062723c751e8b465ee728b)
Start importing Assets/Sprites using Guid(dd182f24dc07c6b449b047d812c5a527) Importer(815301076,1909f56bfc062723c751e8b465ee728b)  -> (artifact id: '80905c1297c51ed834a9e8bfc05001fc') in 0.001473 seconds 
  Import took 0.004706 seconds .

========================================================================
Received Import Request.
  Time since last request: 351.457744 seconds.
  path: Assets/Scripts/CatController.cs
  artifactKey: Guid(72383c5b46d7ce64a82241371f05d7cc) Importer(815301076,1909f56bfc062723c751e8b465ee728b)
Start importing Assets/Scripts/CatController.cs using Guid(72383c5b46d7ce64a82241371f05d7cc) Importer(815301076,1909f56bfc062723c751e8b465ee728b)  -> (artifact id: '110b35fec960f85cca98c8daf2d7b36b') in 0.034165 seconds 
  Import took 0.039157 seconds .

========================================================================
Received Prepare
Registering precompiled user dll's ...
Registered in 0.071267 seconds.
Begin MonoManager ReloadAssembly
Native extension for WindowsStandalone target not found
Refreshing native plugins compatible for Editor in 0.45 ms, found 3 plugins.
Preloading 0 native plugins for Editor in 0.00 ms.
Mono: successfully reloaded assembly
- Completed reload, in  1.294 seconds
Domain Reload Profiling:
	ReloadAssembly (1295ms)
		BeginReloadAssembly (149ms)
			ExecutionOrderSort (0ms)
			DisableScriptedObjects (9ms)
			BackupInstance (0ms)
			ReleaseScriptingObjects (0ms)
			CreateAndSetChildDomain (49ms)
		EndReloadAssembly (1072ms)
			LoadAssemblies (123ms)
			RebuildTransferFunctionScriptingTraits (0ms)
			SetupTypeCache (398ms)
			ReleaseScriptCaches (1ms)
			RebuildScriptCaches (55ms)
			SetupLoadedEditorAssemblies (372ms)
				LogAssemblyErrors (0ms)
				InitializePlatformSupportModulesInManaged (5ms)
				SetLoadedEditorAssemblies (0ms)
				RefreshPlugins (1ms)
				BeforeProcessingInitializeOnLoad (105ms)
				ProcessInitializeOnLoadAttributes (244ms)
				ProcessInitializeOnLoadMethodAttributes (15ms)
				AfterProcessingInitializeOnLoad (2ms)
				EditorAssembliesLoaded (0ms)
			ExecutionOrderSort2 (0ms)
			AwakeInstancesAfterBackupRestoration (13ms)
Platform modules already initialized, skipping
Refreshing native plugins compatible for Editor in 0.49 ms, found 3 plugins.
Preloading 0 native plugins for Editor in 0.00 ms.
Unloading 2184 Unused Serialized files (Serialized files now loaded: 0)
System memory in use before: 95.2 MB.
System memory in use after: 95.3 MB.

Unloading 17 unused Assets to reduce memory usage. Loaded Objects now: 2630.
Total: 3.197500 ms (FindLiveObjects: 0.226800 ms CreateObjectMapping: 0.071900 ms MarkObjects: 2.880300 ms  DeleteObjects: 0.017500 ms)

AssetImportParameters requested are different than current active one (requested -> active):
  custom:framework-win-MediaFoundation: 216162199b28c13a410421893ffa2e32 -> 
  custom:video-decoder-ogg-theora: a1e56fd34408186e4bbccfd4996cb3dc -> 
  custom:container-muxer-webm: aa71ff27fc2769a1b78a27578f13a17b -> 
  custom:container-demuxer-webm: 4f35f7cbe854078d1ac9338744f61a02 -> 
  custom:container-demuxer-ogg: 62fdf1f143b41e24485cea50d1cbac27 -> 
  custom:video-encoder-webm-vp8: eb34c28f22e8b96e1ab97ce403110664 -> 
  custom:video-decoder-webm-vp8: 9c59270c3fd7afecdb556c50c9e8de78 -> 
  custom:audio-decoder-ogg-vorbis: bf7c407c2cedff20999df2af8eb42d56 -> 
  custom:audio-encoder-webm-vorbis: bf7c407c2cedff20999df2af8eb42d56 -> 
========================================================================
Received Import Request.
  Time since last request: 89.097448 seconds.
  path: Assets/Sprites/cat
  artifactKey: Guid(19a7732a3fb92194d8a7af3c266b73e0) Importer(815301076,1909f56bfc062723c751e8b465ee728b)
Start importing Assets/Sprites/cat using Guid(19a7732a3fb92194d8a7af3c266b73e0) Importer(815301076,1909f56bfc062723c751e8b465ee728b)  -> (artifact id: 'f9d3bef1ec9df27d5391d76c645997cb') in 0.005260 seconds 
  Import took 0.009042 seconds .

========================================================================
Received Import Request.
  Time since last request: 0.173269 seconds.
  path: Assets/Sprites/cat/Dead (1).png
  artifactKey: Guid(ffca35e99a4dcc74da0c5f35d5529713) Importer(815301076,1909f56bfc062723c751e8b465ee728b)
Start importing Assets/Sprites/cat/Dead (1).png using Guid(ffca35e99a4dcc74da0c5f35d5529713) Importer(815301076,1909f56bfc062723c751e8b465ee728b)  -> (artifact id: 'bcf30e5a1b0d6e886006bd8e5c623797') in 0.581514 seconds 
  Import took 0.584836 seconds .

========================================================================
Received Import Request.
  Time since last request: 0.000536 seconds.
  path: Assets/Sprites/cat/Hurt (4).png
  artifactKey: Guid(e75e9d5bdcc155240a819793da72b105) Importer(815301076,1909f56bfc062723c751e8b465ee728b)
Start importing Assets/Sprites/cat/Hurt (4).png using Guid(e75e9d5bdcc155240a819793da72b105) Importer(815301076,1909f56bfc062723c751e8b465ee728b)  -> (artifact id: '87d55848adcb35f62d9b229fbe31fd7f') in 0.042574 seconds 
  Import took 0.061661 seconds .

========================================================================
Received Import Request.
  Time since last request: 0.000336 seconds.
  path: Assets/Sprites/cat/Idle (2).png
  artifactKey: Guid(df40cb73a4c31f64ea41c30dddf5023f) Importer(815301076,1909f56bfc062723c751e8b465ee728b)
Start importing Assets/Sprites/cat/Idle (2).png using Guid(df40cb73a4c31f64ea41c30dddf5023f) Importer(815301076,1909f56bfc062723c751e8b465ee728b)  -> (artifact id: '7ec33470bc1ad9462d1ded863561862b') in 0.014226 seconds 
  Import took 0.017097 seconds .

========================================================================
Received Import Request.
  Time since last request: 0.000340 seconds.
  path: Assets/Sprites/cat/Run (5).png
  artifactKey: Guid(b995e8d3fa11aca4294d00c452d0bf65) Importer(815301076,1909f56bfc062723c751e8b465ee728b)
Start importing Assets/Sprites/cat/Run (5).png using Guid(b995e8d3fa11aca4294d00c452d0bf65) Importer(815301076,1909f56bfc062723c751e8b465ee728b)  -> (artifact id: 'b7a6cf4cf099609f333641a2e82b501e') in 0.014497 seconds 
  Import took 0.018439 seconds .

========================================================================
Received Import Request.
  Time since last request: 0.000325 seconds.
  path: Assets/Sprites/cat/Fall (5).png
  artifactKey: Guid(11acf10ddbeb28440a3c220e778b96bc) Importer(815301076,1909f56bfc062723c751e8b465ee728b)
Start importing Assets/Sprites/cat/Fall (5).png using Guid(11acf10ddbeb28440a3c220e778b96bc) Importer(815301076,1909f56bfc062723c751e8b465ee728b)  -> (artifact id: '72a6281de90239c7cfdc3249e99071b2') in 0.012688 seconds 
  Import took 0.016085 seconds .

========================================================================
Received Import Request.
  Time since last request: 0.000370 seconds.
  path: Assets/Sprites/cat/Run (7).png
  artifactKey: Guid(9616a5b7aa10e164694c1101045a9603) Importer(815301076,1909f56bfc062723c751e8b465ee728b)
Start importing Assets/Sprites/cat/Run (7).png using Guid(9616a5b7aa10e164694c1101045a9603) Importer(815301076,1909f56bfc062723c751e8b465ee728b)  -> (artifact id: '95f1cdbff7083287fb7af903b3ec3326') in 0.011305 seconds 
  Import took 0.014669 seconds .

========================================================================
Received Import Request.
  Time since last request: 0.000367 seconds.
  path: Assets/Sprites/cat/Run (6).png
  artifactKey: Guid(14a4693d97de727409a71f34ff00abc4) Importer(815301076,1909f56bfc062723c751e8b465ee728b)
Start importing Assets/Sprites/cat/Run (6).png using Guid(14a4693d97de727409a71f34ff00abc4) Importer(815301076,1909f56bfc062723c751e8b465ee728b)  -> (artifact id: 'dc78397d89bbf9a1a9da847bafc5d689') in 0.012848 seconds 
  Import took 0.015874 seconds .

========================================================================
Received Import Request.
  Time since last request: 0.000391 seconds.
  path: Assets/Sprites/cat/Hurt (1).png
  artifactKey: Guid(f69ffa3c365536841b951b36c59c336c) Importer(815301076,1909f56bfc062723c751e8b465ee728b)
Start importing Assets/Sprites/cat/Hurt (1).png using Guid(f69ffa3c365536841b951b36c59c336c) Importer(815301076,1909f56bfc062723c751e8b465ee728b)  -> (artifact id: 'fb067c53783cc3705782619b4213704e') in 0.012247 seconds 
  Import took 0.016271 seconds .

========================================================================
Received Import Request.
  Time since last request: 0.000370 seconds.
  path: Assets/Sprites/cat/Hurt (7).png
  artifactKey: Guid(1637a979c6de1b045919c0c90e89aa5d) Importer(815301076,1909f56bfc062723c751e8b465ee728b)
Start importing Assets/Sprites/cat/Hurt (7).png using Guid(1637a979c6de1b045919c0c90e89aa5d) Importer(815301076,1909f56bfc062723c751e8b465ee728b)  -> (artifact id: '761cd4619ede1bdc0c3186dd801e355a') in 0.013725 seconds 
  Import took 0.017080 seconds .

========================================================================
Received Import Request.
  Time since last request: 0.000364 seconds.
  path: Assets/Sprites/cat/Idle (3).png
  artifactKey: Guid(40f75790a26437b4782810256c5d75d1) Importer(815301076,1909f56bfc062723c751e8b465ee728b)
Start importing Assets/Sprites/cat/Idle (3).png using Guid(40f75790a26437b4782810256c5d75d1) Importer(815301076,1909f56bfc062723c751e8b465ee728b)  -> (artifact id: '7bd97fbd3f8cca64dfc7bd7915d1f59e') in 0.013608 seconds 
  Import took 0.016493 seconds .

========================================================================
Received Import Request.
  Time since last request: 0.000367 seconds.
  path: Assets/Sprites/cat/Jump (5).png
  artifactKey: Guid(c0a07d82188245748af52fd00fd67155) Importer(815301076,1909f56bfc062723c751e8b465ee728b)
Start importing Assets/Sprites/cat/Jump (5).png using Guid(c0a07d82188245748af52fd00fd67155) Importer(815301076,1909f56bfc062723c751e8b465ee728b)  -> (artifact id: 'd116b6e11351479df7692cf88ce9018f') in 0.011778 seconds 
  Import took 0.014864 seconds .

========================================================================
Received Import Request.
  Time since last request: 0.000362 seconds.
  path: Assets/Sprites/cat/Idle (8).png
  artifactKey: Guid(f9a5e515b83f8e24a85686b85d512d55) Importer(815301076,1909f56bfc062723c751e8b465ee728b)
Start importing Assets/Sprites/cat/Idle (8).png using Guid(f9a5e515b83f8e24a85686b85d512d55) Importer(815301076,1909f56bfc062723c751e8b465ee728b)  -> (artifact id: 'fa66f784f31aeb18c1e38636c37a53c6') in 0.014602 seconds 
  Import took 0.038403 seconds .

========================================================================
Received Import Request.
  Time since last request: 0.000372 seconds.
  path: Assets/Sprites/cat/Fall (6).png
  artifactKey: Guid(becdd9aff5df3014aa8e1fb4fd54471a) Importer(815301076,1909f56bfc062723c751e8b465ee728b)
Start importing Assets/Sprites/cat/Fall (6).png using Guid(becdd9aff5df3014aa8e1fb4fd54471a) Importer(815301076,1909f56bfc062723c751e8b465ee728b)  -> (artifact id: '8a2ed267817757c10f9127628b0c7b1f') in 0.011874 seconds 
  Import took 0.015667 seconds .

========================================================================
Received Import Request.
  Time since last request: 0.000389 seconds.
  path: Assets/Sprites/cat/Hurt (6).png
  artifactKey: Guid(cc01f2c41892385498611fe9c7750c15) Importer(815301076,1909f56bfc062723c751e8b465ee728b)
Start importing Assets/Sprites/cat/Hurt (6).png using Guid(cc01f2c41892385498611fe9c7750c15) Importer(815301076,1909f56bfc062723c751e8b465ee728b)  -> (artifact id: '48f293eabea38b3a99a066a20a72aff2') in 0.011725 seconds 
  Import took 0.015454 seconds .

========================================================================
Received Import Request.
  Time since last request: 0.000364 seconds.
  path: Assets/Sprites/cat/Dead (7).png
  artifactKey: Guid(ca648503e2da8e64297cf21455a3c00d) Importer(815301076,1909f56bfc062723c751e8b465ee728b)
Start importing Assets/Sprites/cat/Dead (7).png using Guid(ca648503e2da8e64297cf21455a3c00d) Importer(815301076,1909f56bfc062723c751e8b465ee728b)  -> (artifact id: 'ae015bf1b83f2300063b73d4f0f8f01c') in 0.010938 seconds 
  Import took 0.014574 seconds .

========================================================================
Received Import Request.
  Time since last request: 0.000368 seconds.
  path: Assets/Sprites/cat/Jump (3).png
  artifactKey: Guid(960e2081170bc3c43b6e230a8868ae43) Importer(815301076,1909f56bfc062723c751e8b465ee728b)
Start importing Assets/Sprites/cat/Jump (3).png using Guid(960e2081170bc3c43b6e230a8868ae43) Importer(815301076,1909f56bfc062723c751e8b465ee728b)  -> (artifact id: '533058547c30b9d248f18ff18089e78e') in 0.012936 seconds 
  Import took 0.016417 seconds .

========================================================================
Received Import Request.
  Time since last request: 0.000370 seconds.
  path: Assets/Sprites/cat/Run (4).png
  artifactKey: Guid(d06bec624832cca4e885448846f806af) Importer(815301076,1909f56bfc062723c751e8b465ee728b)
Start importing Assets/Sprites/cat/Run (4).png using Guid(d06bec624832cca4e885448846f806af) Importer(815301076,1909f56bfc062723c751e8b465ee728b)  -> (artifact id: 'dc6b7f38a74cb2fd073cc7638988314c') in 0.012974 seconds 
  Import took 0.016081 seconds .

========================================================================
Received Import Request.
  Time since last request: 0.000349 seconds.
  path: Assets/Sprites/cat/Hurt (2).png
  artifactKey: Guid(c994b04b677bb7748a1a06af044496a4) Importer(815301076,1909f56bfc062723c751e8b465ee728b)
Start importing Assets/Sprites/cat/Hurt (2).png using Guid(c994b04b677bb7748a1a06af044496a4) Importer(815301076,1909f56bfc062723c751e8b465ee728b)  -> (artifact id: '585c2f86294553bd3432e63f1e541392') in 0.012833 seconds 
  Import took 0.016289 seconds .

========================================================================
Received Import Request.
  Time since last request: 0.000344 seconds.
  path: Assets/Sprites/cat/Run (2).png
  artifactKey: Guid(0f8d742bd7c26bd419f093341f453fba) Importer(815301076,1909f56bfc062723c751e8b465ee728b)
Start importing Assets/Sprites/cat/Run (2).png using Guid(0f8d742bd7c26bd419f093341f453fba) Importer(815301076,1909f56bfc062723c751e8b465ee728b)  -> (artifact id: '1f63e0e35882e6e4d51333decb2fab7e') in 0.012583 seconds 
  Import took 0.016087 seconds .

========================================================================
Received Import Request.
  Time since last request: 0.000376 seconds.
  path: Assets/Sprites/cat/Idle (10).png
  artifactKey: Guid(66b02e61f67309848ac26c0b2278710b) Importer(815301076,1909f56bfc062723c751e8b465ee728b)
Start importing Assets/Sprites/cat/Idle (10).png using Guid(66b02e61f67309848ac26c0b2278710b) Importer(815301076,1909f56bfc062723c751e8b465ee728b)  -> (artifact id: 'c2041d578325b8fc3073c5104ef5203c') in 0.012531 seconds 
  Import took 0.016472 seconds .

========================================================================
Received Import Request.
  Time since last request: 0.000375 seconds.
  path: Assets/Sprites/cat/Dead (2).png
  artifactKey: Guid(562867186e7c4054b87a8bb0311db97b) Importer(815301076,1909f56bfc062723c751e8b465ee728b)
Start importing Assets/Sprites/cat/Dead (2).png using Guid(562867186e7c4054b87a8bb0311db97b) Importer(815301076,1909f56bfc062723c751e8b465ee728b)  -> (artifact id: '4a36b0afae2465dcfaa9bdddca47da7d') in 0.010832 seconds 
  Import took 0.014082 seconds .

========================================================================
Received Import Request.
  Time since last request: 0.000381 seconds.
  path: Assets/Sprites/cat/Dead (3).png
  artifactKey: Guid(689a13970750aeb47ab3dcf0b787da69) Importer(815301076,1909f56bfc062723c751e8b465ee728b)
Start importing Assets/Sprites/cat/Dead (3).png using Guid(689a13970750aeb47ab3dcf0b787da69) Importer(815301076,1909f56bfc062723c751e8b465ee728b)  -> (artifact id: 'fb4bbb811fc2dc4f28dbbe1f9faf483a') in 0.011131 seconds 
  Import took 0.014539 seconds .

========================================================================
Received Import Request.
  Time since last request: 0.000307 seconds.
  path: Assets/Sprites/cat/Dead (8).png
  artifactKey: Guid(a351adbae802c284fa5b4a17559e5593) Importer(815301076,1909f56bfc062723c751e8b465ee728b)
Start importing Assets/Sprites/cat/Dead (8).png using Guid(a351adbae802c284fa5b4a17559e5593) Importer(815301076,1909f56bfc062723c751e8b465ee728b)  -> (artifact id: 'a067724c866f616d45557ea4dd6a362c') in 0.013907 seconds 
  Import took 0.017269 seconds .

========================================================================
Received Import Request.
  Time since last request: 0.000287 seconds.
  path: Assets/Sprites/cat/Fall (7).png
  artifactKey: Guid(34882cdaa59485d49ba65b48a48ef5d9) Importer(815301076,1909f56bfc062723c751e8b465ee728b)
Start importing Assets/Sprites/cat/Fall (7).png using Guid(34882cdaa59485d49ba65b48a48ef5d9) Importer(815301076,1909f56bfc062723c751e8b465ee728b)  -> (artifact id: '6b11502092da9152a71c08b66a3dd8c6') in 0.013486 seconds 
  Import took 0.016437 seconds .

========================================================================
Received Import Request.
  Time since last request: 0.000349 seconds.
  path: Assets/Sprites/cat/Fall (4).png
  artifactKey: Guid(3eaba884213d1764ba77285e9422091f) Importer(815301076,1909f56bfc062723c751e8b465ee728b)
Start importing Assets/Sprites/cat/Fall (4).png using Guid(3eaba884213d1764ba77285e9422091f) Importer(815301076,1909f56bfc062723c751e8b465ee728b)  -> (artifact id: 'a4d7b5656805a42b54e91da560487e07') in 0.011853 seconds 
  Import took 0.014824 seconds .

========================================================================
Received Import Request.
  Time since last request: 0.000327 seconds.
  path: Assets/Sprites/cat/Fall (2).png
  artifactKey: Guid(f7a9e182de146f5458e9919e341a34ea) Importer(815301076,1909f56bfc062723c751e8b465ee728b)
Start importing Assets/Sprites/cat/Fall (2).png using Guid(f7a9e182de146f5458e9919e341a34ea) Importer(815301076,1909f56bfc062723c751e8b465ee728b)  -> (artifact id: '731b870d2f6f51ec61bd08d5851039be') in 0.012148 seconds 
  Import took 0.015017 seconds .

========================================================================
Received Import Request.
  Time since last request: 0.000298 seconds.
  path: Assets/Sprites/cat/Idle (6).png
  artifactKey: Guid(5d092ef9acdaba34c9605c0ef137777c) Importer(815301076,1909f56bfc062723c751e8b465ee728b)
Start importing Assets/Sprites/cat/Idle (6).png using Guid(5d092ef9acdaba34c9605c0ef137777c) Importer(815301076,1909f56bfc062723c751e8b465ee728b)  -> (artifact id: 'da3182add8ce5e4b8e6cb5830672f108') in 0.010058 seconds 
  Import took 0.013183 seconds .

========================================================================
Received Import Request.
  Time since last request: 0.000491 seconds.
  path: Assets/Sprites/cat/Hurt (5).png
  artifactKey: Guid(9b151a785dba7e34ab06c631b8ce4a36) Importer(815301076,1909f56bfc062723c751e8b465ee728b)
Start importing Assets/Sprites/cat/Hurt (5).png using Guid(9b151a785dba7e34ab06c631b8ce4a36) Importer(815301076,1909f56bfc062723c751e8b465ee728b)  -> (artifact id: 'c2077fc4b68532fcadf177fef2957462') in 0.011220 seconds 
  Import took 0.014635 seconds .

========================================================================
Received Import Request.
  Time since last request: 0.000389 seconds.
  path: Assets/Sprites/cat/Idle (9).png
  artifactKey: Guid(bfe67479ece1cfe47931c9852e95a05f) Importer(815301076,1909f56bfc062723c751e8b465ee728b)
Start importing Assets/Sprites/cat/Idle (9).png using Guid(bfe67479ece1cfe47931c9852e95a05f) Importer(815301076,1909f56bfc062723c751e8b465ee728b)  -> (artifact id: '402ef43038c24b3b66d7c4f406575225') in 0.009963 seconds 
  Import took 0.013709 seconds .

========================================================================
Received Import Request.
  Time since last request: 0.000316 seconds.
  path: Assets/Sprites/cat/Jump (4).png
  artifactKey: Guid(4b66c56513ff7a0458c303d8a88792f3) Importer(815301076,1909f56bfc062723c751e8b465ee728b)
Start importing Assets/Sprites/cat/Jump (4).png using Guid(4b66c56513ff7a0458c303d8a88792f3) Importer(815301076,1909f56bfc062723c751e8b465ee728b)  -> (artifact id: 'c1be4aa8033264f07c74244500131eca') in 0.011454 seconds 
  Import took 0.014761 seconds .

========================================================================
Received Import Request.
  Time since last request: 0.000562 seconds.
  path: Assets/Sprites/cat/Fall (8).png
  artifactKey: Guid(d3a9cc4035d1efd4286929a6d265ed57) Importer(815301076,1909f56bfc062723c751e8b465ee728b)
Start importing Assets/Sprites/cat/Fall (8).png using Guid(d3a9cc4035d1efd4286929a6d265ed57) Importer(815301076,1909f56bfc062723c751e8b465ee728b)  -> (artifact id: 'cec0f0b1284ae8c75017bb624b407934') in 0.013237 seconds 
  Import took 0.018264 seconds .

========================================================================
Received Import Request.
  Time since last request: 0.000362 seconds.
  path: Assets/Sprites/cat/Jump (6).png
  artifactKey: Guid(f90cfeb2f903b4e489a611aba540eac4) Importer(815301076,1909f56bfc062723c751e8b465ee728b)
Start importing Assets/Sprites/cat/Jump (6).png using Guid(f90cfeb2f903b4e489a611aba540eac4) Importer(815301076,1909f56bfc062723c751e8b465ee728b)  -> (artifact id: '15ed79764e24328e1fe5d3b13b51c1ba') in 0.011419 seconds 
  Import took 0.016038 seconds .

========================================================================
Received Import Request.
  Time since last request: 0.000311 seconds.
  path: Assets/Sprites/cat/Hurt (8).png
  artifactKey: Guid(0b75af7bb4d52474cb1385dca38e15bb) Importer(815301076,1909f56bfc062723c751e8b465ee728b)
Start importing Assets/Sprites/cat/Hurt (8).png using Guid(0b75af7bb4d52474cb1385dca38e15bb) Importer(815301076,1909f56bfc062723c751e8b465ee728b)  -> (artifact id: '7bb7f6ea6f883f8f559487ec1a2aed11') in 0.010847 seconds 
  Import took 0.014060 seconds .

========================================================================
Received Import Request.
  Time since last request: 0.000391 seconds.
  path: Assets/Sprites/cat/Fall (1).png
  artifactKey: Guid(e826214f03a83cc4895d90e44db87752) Importer(815301076,1909f56bfc062723c751e8b465ee728b)
Start importing Assets/Sprites/cat/Fall (1).png using Guid(e826214f03a83cc4895d90e44db87752) Importer(815301076,1909f56bfc062723c751e8b465ee728b)  -> (artifact id: 'ae47de4c0323a90f2520f0b5eb40901c') in 0.011073 seconds 
  Import took 0.014401 seconds .

========================================================================
Received Import Request.
  Time since last request: 0.000284 seconds.
  path: Assets/Sprites/cat/Idle (7).png
  artifactKey: Guid(6b8cfcb7b77b28b44a7b6ea34d9ce2f9) Importer(815301076,1909f56bfc062723c751e8b465ee728b)
Start importing Assets/Sprites/cat/Idle (7).png using Guid(6b8cfcb7b77b28b44a7b6ea34d9ce2f9) Importer(815301076,1909f56bfc062723c751e8b465ee728b)  -> (artifact id: 'bcad318c8338cb01ed239ffe5e912255') in 0.011840 seconds 
  Import took 0.014861 seconds .

========================================================================
Received Import Request.
  Time since last request: 0.000298 seconds.
  path: Assets/Sprites/cat/Dead (5).png
  artifactKey: Guid(678f45d59bedd654992cee4b61683a8a) Importer(815301076,1909f56bfc062723c751e8b465ee728b)
Start importing Assets/Sprites/cat/Dead (5).png using Guid(678f45d59bedd654992cee4b61683a8a) Importer(815301076,1909f56bfc062723c751e8b465ee728b)  -> (artifact id: '23ab2deb66e65a7a971d5cda78a54253') in 0.103757 seconds 
  Import took 0.107620 seconds .

========================================================================
Received Import Request.
  Time since last request: 0.000368 seconds.
  path: Assets/Sprites/cat/Jump (7).png
  artifactKey: Guid(03074a50fb04a0040a50b34c2c2a0528) Importer(815301076,1909f56bfc062723c751e8b465ee728b)
Start importing Assets/Sprites/cat/Jump (7).png using Guid(03074a50fb04a0040a50b34c2c2a0528) Importer(815301076,1909f56bfc062723c751e8b465ee728b)  -> (artifact id: '51a3360b25ec9d704f9e905762f03088') in 0.010976 seconds 
  Import took 0.015265 seconds .

========================================================================
Received Import Request.
  Time since last request: 0.000311 seconds.
  path: Assets/Sprites/cat/Run (3).png
  artifactKey: Guid(7d6011447ccc63548ab147b04025bcc2) Importer(815301076,1909f56bfc062723c751e8b465ee728b)
Start importing Assets/Sprites/cat/Run (3).png using Guid(7d6011447ccc63548ab147b04025bcc2) Importer(815301076,1909f56bfc062723c751e8b465ee728b)  -> (artifact id: '0e71aae11d0e141062ab42274cf1002f') in 0.010809 seconds 
  Import took 0.014855 seconds .

========================================================================
Received Import Request.
  Time since last request: 0.000454 seconds.
  path: Assets/Sprites/cat/Hurt (3).png
  artifactKey: Guid(2096ae97de1e2ff43b6a27c95f8b232c) Importer(815301076,1909f56bfc062723c751e8b465ee728b)
Start importing Assets/Sprites/cat/Hurt (3).png using Guid(2096ae97de1e2ff43b6a27c95f8b232c) Importer(815301076,1909f56bfc062723c751e8b465ee728b)  -> (artifact id: 'fb01b1d1b2773c735e5c4d48ebe8b272') in 0.011455 seconds 
  Import took 0.015275 seconds .

========================================================================
Received Import Request.
  Time since last request: 0.000397 seconds.
  path: Assets/Sprites/cat/Dead (9).png
  artifactKey: Guid(73ab510ea682ed747ae83eff99067120) Importer(815301076,1909f56bfc062723c751e8b465ee728b)
Start importing Assets/Sprites/cat/Dead (9).png using Guid(73ab510ea682ed747ae83eff99067120) Importer(815301076,1909f56bfc062723c751e8b465ee728b)  -> (artifact id: '59a27f616e69fb41a54204e63f4cae29') in 0.010982 seconds 
  Import took 0.014434 seconds .

========================================================================
Received Import Request.
  Time since last request: 0.000487 seconds.
  path: Assets/Sprites/cat/Fall (3).png
  artifactKey: Guid(e53b4e3b50409fb4391c765935f85e37) Importer(815301076,1909f56bfc062723c751e8b465ee728b)
Start importing Assets/Sprites/cat/Fall (3).png using Guid(e53b4e3b50409fb4391c765935f85e37) Importer(815301076,1909f56bfc062723c751e8b465ee728b)  -> (artifact id: 'bf7e1682a6dacc4a0d97f6e7dc099c23') in 0.010929 seconds 
  Import took 0.014802 seconds .

========================================================================
Received Import Request.
  Time since last request: 0.000378 seconds.
  path: Assets/Sprites/cat/Jump (8).png
  artifactKey: Guid(2ca8feddc6434c44d85fab150763143d) Importer(815301076,1909f56bfc062723c751e8b465ee728b)
Start importing Assets/Sprites/cat/Jump (8).png using Guid(2ca8feddc6434c44d85fab150763143d) Importer(815301076,1909f56bfc062723c751e8b465ee728b)  -> (artifact id: '8fb4d57d20a3b879b5497f083ecf7f6e') in 0.011866 seconds 
  Import took 0.016583 seconds .

========================================================================
Received Import Request.
  Time since last request: 0.000504 seconds.
  path: Assets/Sprites/cat/Idle (1).png
  artifactKey: Guid(234275414d1cc874faad72b640941988) Importer(815301076,1909f56bfc062723c751e8b465ee728b)
Start importing Assets/Sprites/cat/Idle (1).png using Guid(234275414d1cc874faad72b640941988) Importer(815301076,1909f56bfc062723c751e8b465ee728b)  -> (artifact id: '99829b33dc6d2b65b8d8192c578eee85') in 0.012506 seconds 
  Import took 0.028484 seconds .

========================================================================
Received Import Request.
  Time since last request: 0.000389 seconds.
  path: Assets/Sprites/cat/Dead (4).png
  artifactKey: Guid(43d01cc7cfa3d544d9f892da3d4724e1) Importer(815301076,1909f56bfc062723c751e8b465ee728b)
Start importing Assets/Sprites/cat/Dead (4).png using Guid(43d01cc7cfa3d544d9f892da3d4724e1) Importer(815301076,1909f56bfc062723c751e8b465ee728b)  -> (artifact id: 'aa7e5cd427cbef846b2257a6301f10a3') in 0.011218 seconds 
  Import took 0.014589 seconds .

========================================================================
Received Import Request.
  Time since last request: 0.000350 seconds.
  path: Assets/Sprites/cat/Dead (10).png
  artifactKey: Guid(b408052a7676e0e4a8440bd2bc8058e7) Importer(815301076,1909f56bfc062723c751e8b465ee728b)
Start importing Assets/Sprites/cat/Dead (10).png using Guid(b408052a7676e0e4a8440bd2bc8058e7) Importer(815301076,1909f56bfc062723c751e8b465ee728b)  -> (artifact id: '1f62ff88a9402dac78701f48cae342e7') in 0.011161 seconds 
  Import took 0.014364 seconds .

========================================================================
Received Import Request.
  Time since last request: 0.000368 seconds.
  path: Assets/Sprites/cat/Jump (1).png
  artifactKey: Guid(9ea9d9bd0f6575c418e4577d1e77ea00) Importer(815301076,1909f56bfc062723c751e8b465ee728b)
Start importing Assets/Sprites/cat/Jump (1).png using Guid(9ea9d9bd0f6575c418e4577d1e77ea00) Importer(815301076,1909f56bfc062723c751e8b465ee728b)  -> (artifact id: 'c8687f7ea57c7c0463eae94c8a510e69') in 0.011562 seconds 
  Import took 0.015505 seconds .

========================================================================
Received Import Request.
  Time since last request: 0.000329 seconds.
  path: Assets/Sprites/cat/Jump (2).png
  artifactKey: Guid(474ba07cbe64bfe4d983ab6fb0687e76) Importer(815301076,1909f56bfc062723c751e8b465ee728b)
Start importing Assets/Sprites/cat/Jump (2).png using Guid(474ba07cbe64bfe4d983ab6fb0687e76) Importer(815301076,1909f56bfc062723c751e8b465ee728b)  -> (artifact id: 'de42042c22d041384eb07788b07e5aea') in 0.012877 seconds 
  Import took 0.015978 seconds .

========================================================================
Received Import Request.
  Time since last request: 0.000349 seconds.
  path: Assets/Sprites/cat/Hurt (9).png
  artifactKey: Guid(b85597ba0cd493c458dd25cf6664464e) Importer(815301076,1909f56bfc062723c751e8b465ee728b)
Start importing Assets/Sprites/cat/Hurt (9).png using Guid(b85597ba0cd493c458dd25cf6664464e) Importer(815301076,1909f56bfc062723c751e8b465ee728b)  -> (artifact id: 'e558dc5d17675a5ada491cc14c08b4ce') in 0.010956 seconds 
  Import took 0.014091 seconds .

========================================================================
Received Import Request.
  Time since last request: 0.000462 seconds.
  path: Assets/Sprites/cat/Hurt (10).png
  artifactKey: Guid(d6e4c76b202cf9f46990f66104da808e) Importer(815301076,1909f56bfc062723c751e8b465ee728b)
Start importing Assets/Sprites/cat/Hurt (10).png using Guid(d6e4c76b202cf9f46990f66104da808e) Importer(815301076,1909f56bfc062723c751e8b465ee728b)  -> (artifact id: '4ea7e6262d58731fa0e9b33e3c687f0d') in 0.021198 seconds 
  Import took 0.024461 seconds .

========================================================================
Received Import Request.
  Time since last request: 0.000347 seconds.
  path: Assets/Sprites/cat/Dead (6).png
  artifactKey: Guid(a8176e454dc1f074694e2383c51b0632) Importer(815301076,1909f56bfc062723c751e8b465ee728b)
Start importing Assets/Sprites/cat/Dead (6).png using Guid(a8176e454dc1f074694e2383c51b0632) Importer(815301076,1909f56bfc062723c751e8b465ee728b)  -> (artifact id: '99852a02e6d05bfb4007a8317a6bda15') in 0.013708 seconds 
  Import took 0.016744 seconds .

========================================================================
Received Import Request.
  Time since last request: 0.000371 seconds.
  path: Assets/Sprites/cat/Idle (4).png
  artifactKey: Guid(5cee9907642d1634798db7868594a2f1) Importer(815301076,1909f56bfc062723c751e8b465ee728b)
Start importing Assets/Sprites/cat/Idle (4).png using Guid(5cee9907642d1634798db7868594a2f1) Importer(815301076,1909f56bfc062723c751e8b465ee728b)  -> (artifact id: 'e2d02748d2aa237fe9394f682e9a1430') in 0.023639 seconds 
  Import took 0.027235 seconds .

========================================================================
Received Import Request.
  Time since last request: 0.000369 seconds.
  path: Assets/Sprites/cat/Idle (5).png
  artifactKey: Guid(3389b4ef70878874cb9287134163c011) Importer(815301076,1909f56bfc062723c751e8b465ee728b)
Start importing Assets/Sprites/cat/Idle (5).png using Guid(3389b4ef70878874cb9287134163c011) Importer(815301076,1909f56bfc062723c751e8b465ee728b)  -> (artifact id: 'befe89ff9ec499b86fd5932f47da090c') in 0.013003 seconds 
  Import took 0.016196 seconds .

========================================================================
Received Import Request.
  Time since last request: 0.000411 seconds.
  path: Assets/Sprites/cat/Run (1).png
  artifactKey: Guid(d7482044bd0e3b6408f9d400157fedf1) Importer(815301076,1909f56bfc062723c751e8b465ee728b)
Start importing Assets/Sprites/cat/Run (1).png using Guid(d7482044bd0e3b6408f9d400157fedf1) Importer(815301076,1909f56bfc062723c751e8b465ee728b)  -> (artifact id: 'c0a70b1b22acd224d97afaacab7b615a') in 0.012983 seconds 
  Import took 0.016958 seconds .

========================================================================
Received Import Request.
  Time since last request: 1.190865 seconds.
  path: Assets/Sprites/cat/Run (8).png
  artifactKey: Guid(a1341b4d4a5fab948a7ee815ffcdad18) Importer(815301076,1909f56bfc062723c751e8b465ee728b)
Start importing Assets/Sprites/cat/Run (8).png using Guid(a1341b4d4a5fab948a7ee815ffcdad18) Importer(815301076,1909f56bfc062723c751e8b465ee728b)  -> (artifact id: '0855b2317b7055f7e83f51c58c57c783') in 0.012333 seconds 
  Import took 0.047929 seconds .

========================================================================
Received Import Request.
  Time since last request: 0.000354 seconds.
  path: Assets/Sprites/cat/Slide (6).png
  artifactKey: Guid(daf527df426607d4f8fe0c8a97211229) Importer(815301076,1909f56bfc062723c751e8b465ee728b)
Start importing Assets/Sprites/cat/Slide (6).png using Guid(daf527df426607d4f8fe0c8a97211229) Importer(815301076,1909f56bfc062723c751e8b465ee728b)  -> (artifact id: '4b25b586605978413c8ce639d74ccb66') in 0.013172 seconds 
  Import took 0.016909 seconds .

========================================================================
Received Import Request.
  Time since last request: 0.000355 seconds.
  path: Assets/Sprites/cat/Slide (1).png
  artifactKey: Guid(cb706671aa487ee45ab9ff8be24fc8b6) Importer(815301076,1909f56bfc062723c751e8b465ee728b)
Start importing Assets/Sprites/cat/Slide (1).png using Guid(cb706671aa487ee45ab9ff8be24fc8b6) Importer(815301076,1909f56bfc062723c751e8b465ee728b)  -> (artifact id: 'b7b0de4f5dfe75343d08d45f4751197e') in 0.014275 seconds 
  Import took 0.017353 seconds .

========================================================================
Received Import Request.
  Time since last request: 0.000371 seconds.
  path: Assets/Sprites/cat/Slide (9).png
  artifactKey: Guid(681e70b80e36cda45a5c2ad5960b6d13) Importer(815301076,1909f56bfc062723c751e8b465ee728b)
Start importing Assets/Sprites/cat/Slide (9).png using Guid(681e70b80e36cda45a5c2ad5960b6d13) Importer(815301076,1909f56bfc062723c751e8b465ee728b)  -> (artifact id: '2eaaeb53519a2d14b0348b3d17b931b4') in 0.017815 seconds 
  Import took 0.022098 seconds .

========================================================================
Received Import Request.
  Time since last request: 0.000349 seconds.
  path: Assets/Sprites/cat/Slide (2).png
  artifactKey: Guid(2c0c5559fcf70dc43a40bbfdf3339786) Importer(815301076,1909f56bfc062723c751e8b465ee728b)
Start importing Assets/Sprites/cat/Slide (2).png using Guid(2c0c5559fcf70dc43a40bbfdf3339786) Importer(815301076,1909f56bfc062723c751e8b465ee728b)  -> (artifact id: '1fae84092199e47e2d3190972106b149') in 0.010958 seconds 
  Import took 0.015770 seconds .

========================================================================
Received Import Request.
  Time since last request: 0.000416 seconds.
  path: Assets/Sprites/cat/Slide (8).png
  artifactKey: Guid(be680d9093c0f5d4aae44605cdee1e7f) Importer(815301076,1909f56bfc062723c751e8b465ee728b)
Start importing Assets/Sprites/cat/Slide (8).png using Guid(be680d9093c0f5d4aae44605cdee1e7f) Importer(815301076,1909f56bfc062723c751e8b465ee728b)  -> (artifact id: '6855300fc5bf57228cf055f4c91cc475') in 0.010922 seconds 
  Import took 0.014615 seconds .

========================================================================
Received Import Request.
  Time since last request: 0.000777 seconds.
  path: Assets/Sprites/cat/Walk (2).png
  artifactKey: Guid(9a29116199036cd43a28c34bab250008) Importer(815301076,1909f56bfc062723c751e8b465ee728b)
Start importing Assets/Sprites/cat/Walk (2).png using Guid(9a29116199036cd43a28c34bab250008) Importer(815301076,1909f56bfc062723c751e8b465ee728b)  -> (artifact id: 'daf2accca4a758ccba3c488dbaff3252') in 0.010211 seconds 
  Import took 0.013453 seconds .

========================================================================
Received Import Request.
  Time since last request: 0.000675 seconds.
  path: Assets/Sprites/cat/Slide (10).png
  artifactKey: Guid(bacef2ec46b75f84395fccd2f8d21a87) Importer(815301076,1909f56bfc062723c751e8b465ee728b)
Start importing Assets/Sprites/cat/Slide (10).png using Guid(bacef2ec46b75f84395fccd2f8d21a87) Importer(815301076,1909f56bfc062723c751e8b465ee728b)  -> (artifact id: '132af3aeb3b0c2d50a359bebe9575996') in 0.010920 seconds 
  Import took 0.015447 seconds .

========================================================================
Received Import Request.
  Time since last request: 0.000359 seconds.
  path: Assets/Sprites/cat/Slide (3).png
  artifactKey: Guid(a2ee4009663b7484ebae12e4e31067d1) Importer(815301076,1909f56bfc062723c751e8b465ee728b)
Start importing Assets/Sprites/cat/Slide (3).png using Guid(a2ee4009663b7484ebae12e4e31067d1) Importer(815301076,1909f56bfc062723c751e8b465ee728b)  -> (artifact id: '079b6d215736d86999833700ef0d61d3') in 0.011311 seconds 
  Import took 0.043541 seconds .

========================================================================
Received Import Request.
  Time since last request: 0.000419 seconds.
  path: Assets/Sprites/cat/Slide (5).png
  artifactKey: Guid(47619d3aac3aea7489baf34ca83a3e91) Importer(815301076,1909f56bfc062723c751e8b465ee728b)
Start importing Assets/Sprites/cat/Slide (5).png using Guid(47619d3aac3aea7489baf34ca83a3e91) Importer(815301076,1909f56bfc062723c751e8b465ee728b)  -> (artifact id: '9d276daed92a12819d180377c2237e0e') in 0.013078 seconds 
  Import took 0.016079 seconds .

========================================================================
Received Import Request.
  Time since last request: 0.000360 seconds.
  path: Assets/Sprites/cat/Slide (7).png
  artifactKey: Guid(6b8d7500fb448e84fba331da7ace50b0) Importer(815301076,1909f56bfc062723c751e8b465ee728b)
Start importing Assets/Sprites/cat/Slide (7).png using Guid(6b8d7500fb448e84fba331da7ace50b0) Importer(815301076,1909f56bfc062723c751e8b465ee728b)  -> (artifact id: '709cb8526b0181be09cd458601c3f75c') in 0.011833 seconds 
  Import took 0.014828 seconds .

========================================================================
Received Import Request.
  Time since last request: 0.000368 seconds.
  path: Assets/Sprites/cat/Walk (1).png
  artifactKey: Guid(0da62597314ca26459e3077106234a53) Importer(815301076,1909f56bfc062723c751e8b465ee728b)
Start importing Assets/Sprites/cat/Walk (1).png using Guid(0da62597314ca26459e3077106234a53) Importer(815301076,1909f56bfc062723c751e8b465ee728b)  -> (artifact id: '0596e3531340214ee2d032220b562332') in 0.011668 seconds 
  Import took 0.014727 seconds .

========================================================================
Received Import Request.
  Time since last request: 0.000345 seconds.
  path: Assets/Sprites/cat/Slide (4).png
  artifactKey: Guid(533c6d5f5615c584082b3f61c3208801) Importer(815301076,1909f56bfc062723c751e8b465ee728b)
Start importing Assets/Sprites/cat/Slide (4).png using Guid(533c6d5f5615c584082b3f61c3208801) Importer(815301076,1909f56bfc062723c751e8b465ee728b)  -> (artifact id: '509125f0cc32e41791a6711aaabc205e') in 0.011830 seconds 
  Import took 0.014859 seconds .

========================================================================
Received Prepare
Registering precompiled user dll's ...
Registered in 0.004198 seconds.
Begin MonoManager ReloadAssembly
Native extension for WindowsStandalone target not found
Refreshing native plugins compatible for Editor in 0.55 ms, found 3 plugins.
Preloading 0 native plugins for Editor in 0.00 ms.
Mono: successfully reloaded assembly
- Completed reload, in  0.986 seconds
Domain Reload Profiling:
	ReloadAssembly (986ms)
		BeginReloadAssembly (104ms)
			ExecutionOrderSort (0ms)
			DisableScriptedObjects (6ms)
			BackupInstance (0ms)
			ReleaseScriptingObjects (0ms)
			CreateAndSetChildDomain (34ms)
		EndReloadAssembly (831ms)
			LoadAssemblies (89ms)
			RebuildTransferFunctionScriptingTraits (0ms)
			SetupTypeCache (307ms)
			ReleaseScriptCaches (2ms)
			RebuildScriptCaches (53ms)
			SetupLoadedEditorAssemblies (269ms)
				LogAssemblyErrors (0ms)
				InitializePlatformSupportModulesInManaged (4ms)
				SetLoadedEditorAssemblies (0ms)
				RefreshPlugins (1ms)
				BeforeProcessingInitializeOnLoad (78ms)
				ProcessInitializeOnLoadAttributes (172ms)
				ProcessInitializeOnLoadMethodAttributes (11ms)
				AfterProcessingInitializeOnLoad (2ms)
				EditorAssembliesLoaded (0ms)
			ExecutionOrderSort2 (0ms)
			AwakeInstancesAfterBackupRestoration (9ms)
Platform modules already initialized, skipping
Refreshing native plugins compatible for Editor in 0.44 ms, found 3 plugins.
Preloading 0 native plugins for Editor in 0.00 ms.
Unloading 2184 Unused Serialized files (Serialized files now loaded: 0)
System memory in use before: 98.3 MB.
System memory in use after: 98.4 MB.

Unloading 17 unused Assets to reduce memory usage. Loaded Objects now: 2640.
Total: 3.271600 ms (FindLiveObjects: 0.272400 ms CreateObjectMapping: 0.121000 ms MarkObjects: 2.859000 ms  DeleteObjects: 0.018100 ms)

AssetImportParameters requested are different than current active one (requested -> active):
  custom:framework-win-MediaFoundation: 216162199b28c13a410421893ffa2e32 -> 
  custom:video-decoder-ogg-theora: a1e56fd34408186e4bbccfd4996cb3dc -> 
  custom:container-muxer-webm: aa71ff27fc2769a1b78a27578f13a17b -> 
  custom:container-demuxer-webm: 4f35f7cbe854078d1ac9338744f61a02 -> 
  custom:container-demuxer-ogg: 62fdf1f143b41e24485cea50d1cbac27 -> 
  custom:video-encoder-webm-vp8: eb34c28f22e8b96e1ab97ce403110664 -> 
  custom:video-decoder-webm-vp8: 9c59270c3fd7afecdb556c50c9e8de78 -> 
  custom:audio-decoder-ogg-vorbis: bf7c407c2cedff20999df2af8eb42d56 -> 
  custom:audio-encoder-webm-vorbis: bf7c407c2cedff20999df2af8eb42d56 -> 
========================================================================
Received Prepare
Registering precompiled user dll's ...
Registered in 0.003604 seconds.
Begin MonoManager ReloadAssembly
Native extension for WindowsStandalone target not found
Refreshing native plugins compatible for Editor in 0.52 ms, found 3 plugins.
Preloading 0 native plugins for Editor in 0.00 ms.
Mono: successfully reloaded assembly
- Completed reload, in  0.950 seconds
Domain Reload Profiling:
	ReloadAssembly (951ms)
		BeginReloadAssembly (101ms)
			ExecutionOrderSort (0ms)
			DisableScriptedObjects (6ms)
			BackupInstance (0ms)
			ReleaseScriptingObjects (0ms)
			CreateAndSetChildDomain (31ms)
		EndReloadAssembly (797ms)
			LoadAssemblies (93ms)
			RebuildTransferFunctionScriptingTraits (0ms)
			SetupTypeCache (282ms)
			ReleaseScriptCaches (1ms)
			RebuildScriptCaches (42ms)
			SetupLoadedEditorAssemblies (281ms)
				LogAssemblyErrors (0ms)
				InitializePlatformSupportModulesInManaged (4ms)
				SetLoadedEditorAssemblies (0ms)
				RefreshPlugins (1ms)
				BeforeProcessingInitializeOnLoad (85ms)
				ProcessInitializeOnLoadAttributes (177ms)
				ProcessInitializeOnLoadMethodAttributes (11ms)
				AfterProcessingInitializeOnLoad (2ms)
				EditorAssembliesLoaded (0ms)
			ExecutionOrderSort2 (0ms)
			AwakeInstancesAfterBackupRestoration (10ms)
Platform modules already initialized, skipping
Refreshing native plugins compatible for Editor in 0.49 ms, found 3 plugins.
Preloading 0 native plugins for Editor in 0.00 ms.
Unloading 2184 Unused Serialized files (Serialized files now loaded: 0)
System memory in use before: 98.3 MB.
System memory in use after: 98.4 MB.

Unloading 17 unused Assets to reduce memory usage. Loaded Objects now: 2642.
Total: 2.831700 ms (FindLiveObjects: 0.196500 ms CreateObjectMapping: 0.073900 ms MarkObjects: 2.544400 ms  DeleteObjects: 0.016100 ms)

AssetImportParameters requested are different than current active one (requested -> active):
  custom:framework-win-MediaFoundation: 216162199b28c13a410421893ffa2e32 -> 
  custom:video-decoder-ogg-theora: a1e56fd34408186e4bbccfd4996cb3dc -> 
  custom:container-muxer-webm: aa71ff27fc2769a1b78a27578f13a17b -> 
  custom:container-demuxer-webm: 4f35f7cbe854078d1ac9338744f61a02 -> 
  custom:container-demuxer-ogg: 62fdf1f143b41e24485cea50d1cbac27 -> 
  custom:video-encoder-webm-vp8: eb34c28f22e8b96e1ab97ce403110664 -> 
  custom:video-decoder-webm-vp8: 9c59270c3fd7afecdb556c50c9e8de78 -> 
  custom:audio-decoder-ogg-vorbis: bf7c407c2cedff20999df2af8eb42d56 -> 
  custom:audio-encoder-webm-vorbis: bf7c407c2cedff20999df2af8eb42d56 -> 
========================================================================
Received Import Request.
  Time since last request: 342.250026 seconds.
  path: Assets/Scripts/Cat Controller.cs
  artifactKey: Guid(72383c5b46d7ce64a82241371f05d7cc) Importer(815301076,1909f56bfc062723c751e8b465ee728b)
Start importing Assets/Scripts/Cat Controller.cs using Guid(72383c5b46d7ce64a82241371f05d7cc) Importer(815301076,1909f56bfc062723c751e8b465ee728b)  -> (artifact id: '90b535f6b9e87316a9101c4da1ad2746') in 0.004780 seconds 
  Import took 0.072313 seconds .

========================================================================
Received Prepare
Registering precompiled user dll's ...
Registered in 0.003969 seconds.
Begin MonoManager ReloadAssembly
Native extension for WindowsStandalone target not found
Refreshing native plugins compatible for Editor in 0.54 ms, found 3 plugins.
Preloading 0 native plugins for Editor in 0.00 ms.
Mono: successfully reloaded assembly
- Completed reload, in  1.026 seconds
Domain Reload Profiling:
	ReloadAssembly (1027ms)
		BeginReloadAssembly (111ms)
			ExecutionOrderSort (0ms)
			DisableScriptedObjects (6ms)
			BackupInstance (0ms)
			ReleaseScriptingObjects (0ms)
			CreateAndSetChildDomain (34ms)
		EndReloadAssembly (857ms)
			LoadAssemblies (100ms)
			RebuildTransferFunctionScriptingTraits (0ms)
			SetupTypeCache (296ms)
			ReleaseScriptCaches (1ms)
			RebuildScriptCaches (41ms)
			SetupLoadedEditorAssemblies (307ms)
				LogAssemblyErrors (0ms)
				InitializePlatformSupportModulesInManaged (4ms)
				SetLoadedEditorAssemblies (1ms)
				RefreshPlugins (1ms)
				BeforeProcessingInitializeOnLoad (87ms)
				ProcessInitializeOnLoadAttributes (199ms)
				ProcessInitializeOnLoadMethodAttributes (13ms)
				AfterProcessingInitializeOnLoad (2ms)
				EditorAssembliesLoaded (0ms)
			ExecutionOrderSort2 (0ms)
			AwakeInstancesAfterBackupRestoration (10ms)
Platform modules already initialized, skipping
Refreshing native plugins compatible for Editor in 0.53 ms, found 3 plugins.
Preloading 0 native plugins for Editor in 0.00 ms.
Unloading 2184 Unused Serialized files (Serialized files now loaded: 0)
System memory in use before: 98.3 MB.
System memory in use after: 98.4 MB.

Unloading 17 unused Assets to reduce memory usage. Loaded Objects now: 2644.
Total: 2.928600 ms (FindLiveObjects: 0.197300 ms CreateObjectMapping: 0.064300 ms MarkObjects: 2.649100 ms  DeleteObjects: 0.016800 ms)

AssetImportParameters requested are different than current active one (requested -> active):
  custom:framework-win-MediaFoundation: 216162199b28c13a410421893ffa2e32 -> 
  custom:video-decoder-ogg-theora: a1e56fd34408186e4bbccfd4996cb3dc -> 
  custom:container-muxer-webm: aa71ff27fc2769a1b78a27578f13a17b -> 
  custom:container-demuxer-webm: 4f35f7cbe854078d1ac9338744f61a02 -> 
  custom:container-demuxer-ogg: 62fdf1f143b41e24485cea50d1cbac27 -> 
  custom:video-encoder-webm-vp8: eb34c28f22e8b96e1ab97ce403110664 -> 
  custom:video-decoder-webm-vp8: 9c59270c3fd7afecdb556c50c9e8de78 -> 
  custom:audio-decoder-ogg-vorbis: bf7c407c2cedff20999df2af8eb42d56 -> 
  custom:audio-encoder-webm-vorbis: bf7c407c2cedff20999df2af8eb42d56 -> 
========================================================================
Received Import Request.
  Time since last request: 70.679185 seconds.
  path: Assets/Scripts/Cat Controller.cs
  artifactKey: Guid(72383c5b46d7ce64a82241371f05d7cc) Importer(815301076,1909f56bfc062723c751e8b465ee728b)
Start importing Assets/Scripts/Cat Controller.cs using Guid(72383c5b46d7ce64a82241371f05d7cc) Importer(815301076,1909f56bfc062723c751e8b465ee728b)  -> (artifact id: '2afd41ff8a9518297a02ad96b40b9f6c') in 0.005913 seconds 
  Import took 0.065582 seconds .

========================================================================
Received Import Request.
  Time since last request: 11.200537 seconds.
  path: Assets/Scripts/CatController.cs
  artifactKey: Guid(72383c5b46d7ce64a82241371f05d7cc) Importer(815301076,1909f56bfc062723c751e8b465ee728b)
Start importing Assets/Scripts/CatController.cs using Guid(72383c5b46d7ce64a82241371f05d7cc) Importer(815301076,1909f56bfc062723c751e8b465ee728b)  -> (artifact id: 'd538ae02bc0aa2e6b7c9e6f9dd538226') in 0.001849 seconds 
  Import took 0.031898 seconds .

========================================================================
Received Import Request.
  Time since last request: 26.964151 seconds.
  path: Assets/Scripts/CatController.cs
  artifactKey: Guid(72383c5b46d7ce64a82241371f05d7cc) Importer(815301076,1909f56bfc062723c751e8b465ee728b)
Start importing Assets/Scripts/CatController.cs using Guid(72383c5b46d7ce64a82241371f05d7cc) Importer(815301076,1909f56bfc062723c751e8b465ee728b)  -> (artifact id: 'e2cfa30cf4cee7c2fcdf8bfca6859806') in 0.001453 seconds 
  Import took 0.004995 seconds .

========================================================================
Received Import Request.
  Time since last request: 2.408411 seconds.
  path: Assets/Scripts/Cat Controller.cs
  artifactKey: Guid(5b90444008331cd45a647cab2f356ef1) Importer(815301076,1909f56bfc062723c751e8b465ee728b)
Start importing Assets/Scripts/Cat Controller.cs using Guid(5b90444008331cd45a647cab2f356ef1) Importer(815301076,1909f56bfc062723c751e8b465ee728b)  -> (artifact id: '5d1c381ca28c0074cd883f87c96c9bfe') in 0.001499 seconds 
  Import took 0.022959 seconds .

========================================================================
Received Prepare
Registering precompiled user dll's ...
Registered in 0.067618 seconds.
Begin MonoManager ReloadAssembly
Native extension for WindowsStandalone target not found
Refreshing native plugins compatible for Editor in 0.54 ms, found 3 plugins.
Preloading 0 native plugins for Editor in 0.00 ms.
Mono: successfully reloaded assembly
- Completed reload, in  1.250 seconds
Domain Reload Profiling:
	ReloadAssembly (1250ms)
		BeginReloadAssembly (134ms)
			ExecutionOrderSort (0ms)
			DisableScriptedObjects (7ms)
			BackupInstance (0ms)
			ReleaseScriptingObjects (0ms)
			CreateAndSetChildDomain (40ms)
		EndReloadAssembly (1049ms)
			LoadAssemblies (123ms)
			RebuildTransferFunctionScriptingTraits (0ms)
			SetupTypeCache (392ms)
			ReleaseScriptCaches (1ms)
			RebuildScriptCaches (54ms)
			SetupLoadedEditorAssemblies (353ms)
				LogAssemblyErrors (0ms)
				InitializePlatformSupportModulesInManaged (4ms)
				SetLoadedEditorAssemblies (0ms)
				RefreshPlugins (1ms)
				BeforeProcessingInitializeOnLoad (102ms)
				ProcessInitializeOnLoadAttributes (228ms)
				ProcessInitializeOnLoadMethodAttributes (15ms)
				AfterProcessingInitializeOnLoad (2ms)
				EditorAssembliesLoaded (0ms)
			ExecutionOrderSort2 (0ms)
			AwakeInstancesAfterBackupRestoration (13ms)
Platform modules already initialized, skipping
Refreshing native plugins compatible for Editor in 0.46 ms, found 3 plugins.
Preloading 0 native plugins for Editor in 0.00 ms.
Unloading 2184 Unused Serialized files (Serialized files now loaded: 0)
System memory in use before: 98.3 MB.
System memory in use after: 98.5 MB.

Unloading 17 unused Assets to reduce memory usage. Loaded Objects now: 2646.
Total: 3.355500 ms (FindLiveObjects: 0.219300 ms CreateObjectMapping: 0.099300 ms MarkObjects: 3.016700 ms  DeleteObjects: 0.019100 ms)

AssetImportParameters requested are different than current active one (requested -> active):
  custom:framework-win-MediaFoundation: 216162199b28c13a410421893ffa2e32 -> 
  custom:video-decoder-ogg-theora: a1e56fd34408186e4bbccfd4996cb3dc -> 
  custom:container-muxer-webm: aa71ff27fc2769a1b78a27578f13a17b -> 
  custom:container-demuxer-webm: 4f35f7cbe854078d1ac9338744f61a02 -> 
  custom:container-demuxer-ogg: 62fdf1f143b41e24485cea50d1cbac27 -> 
  custom:video-encoder-webm-vp8: eb34c28f22e8b96e1ab97ce403110664 -> 
  custom:video-decoder-webm-vp8: 9c59270c3fd7afecdb556c50c9e8de78 -> 
  custom:audio-decoder-ogg-vorbis: bf7c407c2cedff20999df2af8eb42d56 -> 
  custom:audio-encoder-webm-vorbis: bf7c407c2cedff20999df2af8eb42d56 -> 
========================================================================
Received Import Request.
  Time since last request: 100.294102 seconds.
  path: Assets/Sprites/cat/Walk (3).png
  artifactKey: Guid(5f1198ef85748dc46904c109eeb0b8c1) Importer(815301076,1909f56bfc062723c751e8b465ee728b)
Start importing Assets/Sprites/cat/Walk (3).png using Guid(5f1198ef85748dc46904c109eeb0b8c1) Importer(815301076,1909f56bfc062723c751e8b465ee728b)  -> (artifact id: 'e616e6e3bef63d699a2decff88e20d9c') in 0.138630 seconds 
  Import took 0.171395 seconds .

========================================================================
Received Import Request.
  Time since last request: 0.000293 seconds.
  path: Assets/Sprites/cat/Walk (9).png
  artifactKey: Guid(dc52aadaaa6c2124b88da7294cd861db) Importer(815301076,1909f56bfc062723c751e8b465ee728b)
Start importing Assets/Sprites/cat/Walk (9).png using Guid(dc52aadaaa6c2124b88da7294cd861db) Importer(815301076,1909f56bfc062723c751e8b465ee728b)  -> (artifact id: '4a20214d1d2f38e42993f42eda653ca0') in 0.067419 seconds 
  Import took 0.072440 seconds .

========================================================================
Received Import Request.
  Time since last request: 0.001272 seconds.
  path: Assets/Sprites/cat/Walk (5).png
  artifactKey: Guid(d24e1459996465a41adfb055faeeb539) Importer(815301076,1909f56bfc062723c751e8b465ee728b)
Start importing Assets/Sprites/cat/Walk (5).png using Guid(d24e1459996465a41adfb055faeeb539) Importer(815301076,1909f56bfc062723c751e8b465ee728b)  -> (artifact id: 'dddedfd746440666ede11a6ecfde4c24') in 0.117101 seconds 
  Import took 0.120814 seconds .

========================================================================
Received Import Request.
  Time since last request: 0.000337 seconds.
  path: Assets/Sprites/cat/Walk (6).png
  artifactKey: Guid(9dff7fa522aa6664e9def228b3d099bc) Importer(815301076,1909f56bfc062723c751e8b465ee728b)
Start importing Assets/Sprites/cat/Walk (6).png using Guid(9dff7fa522aa6664e9def228b3d099bc) Importer(815301076,1909f56bfc062723c751e8b465ee728b)  -> (artifact id: 'a3347bd21cbf2613b9fdb8b20e9869ae') in 0.048199 seconds 
  Import took 0.051725 seconds .

========================================================================
Received Import Request.
  Time since last request: 0.000339 seconds.
  path: Assets/Sprites/cat/Walk (7).png
  artifactKey: Guid(71f2f4bf890d8344dbee73b3dac31dce) Importer(815301076,1909f56bfc062723c751e8b465ee728b)
Start importing Assets/Sprites/cat/Walk (7).png using Guid(71f2f4bf890d8344dbee73b3dac31dce) Importer(815301076,1909f56bfc062723c751e8b465ee728b)  -> (artifact id: '5800974ce488100f03cc291055edc4b3') in 0.086153 seconds 
  Import took 0.090183 seconds .

========================================================================
Received Import Request.
  Time since last request: 0.000440 seconds.
  path: Assets/Sprites/cat/Walk (4).png
  artifactKey: Guid(871666eb92815c749b68423bd45f377a) Importer(815301076,1909f56bfc062723c751e8b465ee728b)
Start importing Assets/Sprites/cat/Walk (4).png using Guid(871666eb92815c749b68423bd45f377a) Importer(815301076,1909f56bfc062723c751e8b465ee728b)  -> (artifact id: 'df143e08c984da3383804ecec7484a7e') in 0.050680 seconds 
  Import took 0.094764 seconds .

========================================================================
Received Import Request.
  Time since last request: 0.000402 seconds.
  path: Assets/Sprites/cat/Walk (8).png
  artifactKey: Guid(f95d40798fdf31948b7b99968b4f315c) Importer(815301076,1909f56bfc062723c751e8b465ee728b)
Start importing Assets/Sprites/cat/Walk (8).png using Guid(f95d40798fdf31948b7b99968b4f315c) Importer(815301076,1909f56bfc062723c751e8b465ee728b)  -> (artifact id: 'd470e5dd91db5b803b7b94e9fd0713cf') in 0.048919 seconds 
  Import took 0.075854 seconds .

========================================================================
Received Import Request.
  Time since last request: 0.000914 seconds.
  path: Assets/Sprites/cat/Walk (10).png
  artifactKey: Guid(da6b51aa197ebc746a861679d21a6e29) Importer(815301076,1909f56bfc062723c751e8b465ee728b)
Start importing Assets/Sprites/cat/Walk (10).png using Guid(da6b51aa197ebc746a861679d21a6e29) Importer(815301076,1909f56bfc062723c751e8b465ee728b)  -> (artifact id: 'ee25764822a529565f2d4670914acc8d') in 0.097116 seconds 
  Import took 0.153350 seconds .

========================================================================
Received Prepare
Registering precompiled user dll's ...
Registered in 0.081205 seconds.
Begin MonoManager ReloadAssembly
Native extension for WindowsStandalone target not found
Refreshing native plugins compatible for Editor in 0.61 ms, found 3 plugins.
Preloading 0 native plugins for Editor in 0.00 ms.
Mono: successfully reloaded assembly
- Completed reload, in  1.329 seconds
Domain Reload Profiling:
	ReloadAssembly (1329ms)
		BeginReloadAssembly (135ms)
			ExecutionOrderSort (0ms)
			DisableScriptedObjects (7ms)
			BackupInstance (0ms)
			ReleaseScriptingObjects (0ms)
			CreateAndSetChildDomain (42ms)
		EndReloadAssembly (1121ms)
			LoadAssemblies (137ms)
			RebuildTransferFunctionScriptingTraits (0ms)
			SetupTypeCache (400ms)
			ReleaseScriptCaches (1ms)
			RebuildScriptCaches (74ms)
			SetupLoadedEditorAssemblies (367ms)
				LogAssemblyErrors (0ms)
				InitializePlatformSupportModulesInManaged (4ms)
				SetLoadedEditorAssemblies (1ms)
				RefreshPlugins (1ms)
				BeforeProcessingInitializeOnLoad (124ms)
				ProcessInitializeOnLoadAttributes (220ms)
				ProcessInitializeOnLoadMethodAttributes (15ms)
				AfterProcessingInitializeOnLoad (2ms)
				EditorAssembliesLoaded (0ms)
			ExecutionOrderSort2 (0ms)
			AwakeInstancesAfterBackupRestoration (10ms)
Platform modules already initialized, skipping
Refreshing native plugins compatible for Editor in 1.34 ms, found 3 plugins.
Preloading 0 native plugins for Editor in 0.00 ms.
Unloading 2184 Unused Serialized files (Serialized files now loaded: 0)
System memory in use before: 98.3 MB.
System memory in use after: 98.5 MB.

Unloading 17 unused Assets to reduce memory usage. Loaded Objects now: 2649.
Total: 7.010400 ms (FindLiveObjects: 0.635300 ms CreateObjectMapping: 0.312200 ms MarkObjects: 6.019800 ms  DeleteObjects: 0.039700 ms)

AssetImportParameters requested are different than current active one (requested -> active):
  custom:framework-win-MediaFoundation: 216162199b28c13a410421893ffa2e32 -> 
  custom:video-decoder-ogg-theora: a1e56fd34408186e4bbccfd4996cb3dc -> 
  custom:container-muxer-webm: aa71ff27fc2769a1b78a27578f13a17b -> 
  custom:container-demuxer-webm: 4f35f7cbe854078d1ac9338744f61a02 -> 
  custom:container-demuxer-ogg: 62fdf1f143b41e24485cea50d1cbac27 -> 
  custom:video-encoder-webm-vp8: eb34c28f22e8b96e1ab97ce403110664 -> 
  custom:video-decoder-webm-vp8: 9c59270c3fd7afecdb556c50c9e8de78 -> 
  custom:audio-decoder-ogg-vorbis: bf7c407c2cedff20999df2af8eb42d56 -> 
  custom:audio-encoder-webm-vorbis: bf7c407c2cedff20999df2af8eb42d56 -> 
========================================================================
Received Import Request.
  Time since last request: 547.163871 seconds.
  path: Assets/Animations/Idle (1).controller
  artifactKey: Guid(f4a49bd77e6362b4a9f3dca2fefe4b4d) Importer(815301076,1909f56bfc062723c751e8b465ee728b)
Start importing Assets/Animations/Idle (1).controller using Guid(f4a49bd77e6362b4a9f3dca2fefe4b4d) Importer(815301076,1909f56bfc062723c751e8b465ee728b)  -> (artifact id: '2f4ae6eaf580ec09b9efecbeed1cfe5e') in 0.214327 seconds 
  Import took 0.222006 seconds .

========================================================================
Received Import Request.
  Time since last request: 0.001239 seconds.
  path: Assets/Animations/Walk.anim
  artifactKey: Guid(0b5f07fb5a845d444a33d87177dbe1df) Importer(815301076,1909f56bfc062723c751e8b465ee728b)
Start importing Assets/Animations/Walk.anim using Guid(0b5f07fb5a845d444a33d87177dbe1df) Importer(815301076,1909f56bfc062723c751e8b465ee728b)  -> (artifact id: '1dbcf1783e508b32ab3feb27e06acd8d') in 0.022671 seconds 
  Import took 0.044201 seconds .

========================================================================
Received Import Request.
  Time since last request: 101.372602 seconds.
  path: Assets/Animations/Idle (1).controller
  artifactKey: Guid(f4a49bd77e6362b4a9f3dca2fefe4b4d) Importer(815301076,1909f56bfc062723c751e8b465ee728b)
Start importing Assets/Animations/Idle (1).controller using Guid(f4a49bd77e6362b4a9f3dca2fefe4b4d) Importer(815301076,1909f56bfc062723c751e8b465ee728b)  -> (artifact id: '677f725ada5e9ab4123894b68886db9b') in 0.002857 seconds 
  Import took 0.042072 seconds .

AssetImportWorkerClient::OnTransportError - code=2 error=End of file
